<?xml version="1.0" encoding="UTF-8"?>
<robot generator="Robot 6.1.1 (Python 3.11.9 on win32)" generated="20251113 14:06:51.179" rpa="false" schemaversion="4">
<suite id="s1" name="Simple Test" source="D:\Projects\DoganHubStore\tests\selenium\simple_test.robot">
<test id="s1-t1" name="Test Application Homepage" line="10">
<kw name="Open Browser" library="SeleniumLibrary">
<arg>${BASE_URL}</arg>
<arg>${BROWSER}</arg>
<arg>options=add_argument("--headless");add_argument("--no-sandbox");add_argument("--disable-dev-shm-usage")</arg>
<doc>Opens a new browser instance to the optional ``url``.</doc>
<msg timestamp="20251113 14:06:51.426" level="INFO">Opening browser 'Chrome' to base url 'http://localhost:3003'.</msg>
<status status="PASS" starttime="20251113 14:06:51.425" endtime="20251113 14:06:53.560"/>
</kw>
<kw name="Title Should Contain">
<arg>DoganHub</arg>
<msg timestamp="20251113 14:06:53.564" level="FAIL">No keyword with name 'Title Should Contain' found. Did you mean:
    SeleniumLibrary.Table Should Contain</msg>
<status status="FAIL" starttime="20251113 14:06:53.564" endtime="20251113 14:06:53.564"/>
</kw>
<kw name="Page Should Contain Element" library="SeleniumLibrary">
<arg>tag:h1</arg>
<doc>Verifies that element ``locator`` is found on the current page.</doc>
<status status="NOT RUN" starttime="20251113 14:06:53.564" endtime="20251113 14:06:53.564"/>
</kw>
<kw name="Page Should Contain" library="SeleniumLibrary">
<arg>DoganHub Store</arg>
<doc>Verifies that current page contains ``text``.</doc>
<status status="NOT RUN" starttime="20251113 14:06:53.565" endtime="20251113 14:06:53.565"/>
</kw>
<kw name="Close Browser" library="SeleniumLibrary">
<doc>Closes the current browser.</doc>
<status status="NOT RUN" starttime="20251113 14:06:53.566" endtime="20251113 14:06:53.566"/>
</kw>
<doc>Test that the application homepage loads successfully</doc>
<tag>smoke</tag>
<status status="FAIL" starttime="20251113 14:06:51.424" endtime="20251113 14:06:53.566">No keyword with name 'Title Should Contain' found. Did you mean:
    SeleniumLibrary.Table Should Contain</status>
</test>
<test id="s1-t2" name="Test Application Health Check" line="19">
<kw name="Open Browser" library="SeleniumLibrary">
<arg>${BASE_URL}</arg>
<arg>${BROWSER}</arg>
<arg>options=add_argument("--headless");add_argument("--no-sandbox");add_argument("--disable-dev-shm-usage")</arg>
<doc>Opens a new browser instance to the optional ``url``.</doc>
<msg timestamp="20251113 14:06:53.568" level="INFO">Opening browser 'Chrome' to base url 'http://localhost:3003'.</msg>
<status status="PASS" starttime="20251113 14:06:53.568" endtime="20251113 14:06:55.090"/>
</kw>
<kw name="Wait Until Page Contains" library="SeleniumLibrary">
<arg>DoganHub</arg>
<arg>timeout=10s</arg>
<doc>Waits until ``text`` appears on the current page.</doc>
<status status="PASS" starttime="20251113 14:06:55.091" endtime="20251113 14:06:55.107"/>
</kw>
<kw name="Page Should Not Contain" library="SeleniumLibrary">
<arg>404</arg>
<doc>Verifies the current page does not contain ``text``.</doc>
<msg timestamp="20251113 14:06:55.165" level="INFO" html="true">&lt;/td&gt;&lt;/tr&gt;&lt;tr&gt;&lt;td colspan="3"&gt;&lt;a href="selenium-screenshot-1.png"&gt;&lt;img src="selenium-screenshot-1.png" width="800px"&gt;&lt;/a&gt;</msg>
<msg timestamp="20251113 14:06:55.166" level="FAIL">Page should not have contained text '404'.</msg>
<status status="FAIL" starttime="20251113 14:06:55.107" endtime="20251113 14:06:55.167"/>
</kw>
<kw name="Page Should Not Contain" library="SeleniumLibrary">
<arg>Error</arg>
<doc>Verifies the current page does not contain ``text``.</doc>
<status status="NOT RUN" starttime="20251113 14:06:55.168" endtime="20251113 14:06:55.168"/>
</kw>
<kw name="Close Browser" library="SeleniumLibrary">
<doc>Closes the current browser.</doc>
<status status="NOT RUN" starttime="20251113 14:06:55.168" endtime="20251113 14:06:55.168"/>
</kw>
<doc>Test basic connectivity to the application</doc>
<tag>smoke</tag>
<status status="FAIL" starttime="20251113 14:06:53.567" endtime="20251113 14:06:55.169">Page should not have contained text '404'.</status>
</test>
<doc>Simple test to verify application connectivity</doc>
<status status="FAIL" starttime="20251113 14:06:51.180" endtime="20251113 14:06:55.170"/>
</suite>
<statistics>
<total>
<stat pass="0" fail="2" skip="0">All Tests</stat>
</total>
<tag>
<stat pass="0" fail="2" skip="0">smoke</stat>
</tag>
<suite>
<stat pass="0" fail="2" skip="0" id="s1" name="Simple Test">Simple Test</stat>
</suite>
</statistics>
<errors>
</errors>
</robot>
